<?xml version="1.0" encoding="UTF-8"?>
<!-- Generated by org.testng.reporters.JUnitXMLReporter -->
<testsuite hostname="1B3CZ22" name="All href link validator" tests="3" failures="0" timestamp="16 Aug 2016 10:08:35 GMT" time="1009.482" errors="0">
  <testcase name="downloadRequiredZip" time="16.665" classname="validator.FindCertainExtension"/>
  <testcase name="getHTMLFiles" time="0.194" classname="validator.FindCertainExtension"/>
  <testcase name="getAndVerifyLinksFromHTML" time="378.056" classname="validator.FindCertainExtension"/>
</testsuite> <!-- All href link validator -->
