<?xml version="1.0" encoding="UTF-8"?>
<testng-results skipped="0" failed="0" total="3" passed="3">
  <reporter-output>
  </reporter-output>
  <suite name="Default suite" duration-ms="2697252" started-at="2016-06-23T14:53:48Z" finished-at="2016-06-23T15:38:46Z">
    <groups>
    </groups>
    <test name="Default test" duration-ms="2697252" started-at="2016-06-23T14:53:48Z" finished-at="2016-06-23T15:38:46Z">
      <class name="validator.FindCertainExtension">
        <test-method status="PASS" signature="downloadRequiredZip(java.lang.String, java.lang.String, java.lang.String, java.lang.String, java.lang.String)[pri:0, instance:validator.FindCertainExtension@4de8b406]" name="downloadRequiredZip" duration-ms="214436" started-at="2016-06-23T20:23:49Z" description="Download zip content for" data-provider="getDownloadParameteres" finished-at="2016-06-23T20:27:24Z">
          <params>
            <param index="0">
              <value>
                <![CDATA[01]]>
              </value>
            </param>
            <param index="1">
              <value>
                <![CDATA[tabers]]>
              </value>
            </param>
            <param index="2">
              <value>
                <![CDATA[sample]]>
              </value>
            </param>
            <param index="3">
              <value>
                <![CDATA[https://drive.skyscape.com/Skyscape/LoneStar]]>
              </value>
            </param>
            <param index="4">
              <value>
                <![CDATA[B0B48221-042B-40EF-8897-3121CCC29317]]>
              </value>
            </param>
          </params>
          <reporter-output>
          </reporter-output>
        </test-method> <!-- downloadRequiredZip -->
        <test-method status="PASS" signature="getHTMLFiles()[pri:0, instance:validator.FindCertainExtension@4de8b406]" name="getHTMLFiles" duration-ms="3321" started-at="2016-06-23T20:27:24Z" description="Search all HTML files to test" depends-on-methods="validator.FindCertainExtension.downloadRequiredZip" finished-at="2016-06-23T20:27:27Z">
          <reporter-output>
          </reporter-output>
        </test-method> <!-- getHTMLFiles -->
        <test-method status="PASS" signature="getAndVerifyLinksFromHTML()[pri:0, instance:validator.FindCertainExtension@4de8b406]" name="getAndVerifyLinksFromHTML" duration-ms="2422256" started-at="2016-06-23T20:27:27Z" description="Checking all href links" depends-on-methods="validator.FindCertainExtension.downloadRequiredZip, validator.FindCertainExtension.getHTMLFiles" finished-at="2016-06-23T21:07:49Z">
          <reporter-output>
          </reporter-output>
        </test-method> <!-- getAndVerifyLinksFromHTML -->
        <test-method status="PASS" signature="printResults()[pri:0, instance:validator.FindCertainExtension@4de8b406]" name="printResults" is-config="true" duration-ms="56265" started-at="2016-06-23T21:07:49Z" finished-at="2016-06-23T21:08:46Z">
          <reporter-output>
          </reporter-output>
        </test-method> <!-- printResults -->
      </class> <!-- validator.FindCertainExtension -->
    </test> <!-- Default test -->
  </suite> <!-- Default suite -->
</testng-results>
