<?xml version="1.0" encoding="UTF-8"?>
<testng-results skipped="0" failed="1" total="1" passed="0">
  <reporter-output>
  </reporter-output>
  <suite name="Default suite" duration-ms="207864" started-at="2016-06-15T12:09:52Z" finished-at="2016-06-15T12:13:20Z">
    <groups>
    </groups>
    <test name="Default test" duration-ms="207864" started-at="2016-06-15T12:09:52Z" finished-at="2016-06-15T12:13:20Z">
      <class name="validator.FindCertainExtension">
        <test-method status="PASS" signature="getHTMLFiles()[pri:0, instance:validator.FindCertainExtension@2aa3cd93]" name="getHTMLFiles" is-config="true" duration-ms="22567" started-at="2016-06-15T17:39:52Z" finished-at="2016-06-15T17:40:14Z">
          <reporter-output>
          </reporter-output>
        </test-method> <!-- getHTMLFiles -->
        <test-method status="FAIL" signature="getAndVerifyLinksFromHTML()[pri:0, instance:validator.FindCertainExtension@2aa3cd93]" name="getAndVerifyLinksFromHTML" duration-ms="185220" started-at="2016-06-15T17:40:14Z" finished-at="2016-06-15T17:43:20Z">
          <exception class="java.io.FileNotFoundException">
            <message>
              <![CDATA[C:\Users\Manoj\Desktop\Automation\working workspace\Content\Source\tabers.ed22\content\HTML\h\tu109.htm#c05-150780 (The system cannot find the file specified)]]>
            </message>
            <full-stacktrace>
              <![CDATA[java.io.FileNotFoundException: C:\Users\Manoj\Desktop\Automation\working workspace\Content\Source\tabers.ed22\content\HTML\h\tu109.htm#c05-150780 (The system cannot find the file specified)
	at java.io.FileInputStream.open0(Native Method)
	at java.io.FileInputStream.open(Unknown Source)
	at java.io.FileInputStream.<init>(Unknown Source)
	at org.jsoup.helper.DataUtil.load(DataUtil.java:37)
	at org.jsoup.Jsoup.parse(Jsoup.java:103)
	at validator.FindCertainExtension.checkAnchorInFile(FindCertainExtension.java:155)
	at validator.FindCertainExtension.iSAnchorInOtherHTMLFileExits(FindCertainExtension.java:140)
	at validator.FindCertainExtension.getAndVerifyLinksFromHTML(FindCertainExtension.java:104)
	at sun.reflect.NativeMethodAccessorImpl.invoke0(Native Method)
	at sun.reflect.NativeMethodAccessorImpl.invoke(Unknown Source)
	at sun.reflect.DelegatingMethodAccessorImpl.invoke(Unknown Source)
	at java.lang.reflect.Method.invoke(Unknown Source)
	at org.testng.internal.MethodInvocationHelper.invokeMethod(MethodInvocationHelper.java:84)
	at org.testng.internal.Invoker.invokeMethod(Invoker.java:714)
	at org.testng.internal.Invoker.invokeTestMethod(Invoker.java:901)
	at org.testng.internal.Invoker.invokeTestMethods(Invoker.java:1231)
	at org.testng.internal.TestMethodWorker.invokeTestMethods(TestMethodWorker.java:127)
	at org.testng.internal.TestMethodWorker.run(TestMethodWorker.java:111)
	at org.testng.TestRunner.privateRun(TestRunner.java:767)
	at org.testng.TestRunner.run(TestRunner.java:617)
	at org.testng.SuiteRunner.runTest(SuiteRunner.java:334)
	at org.testng.SuiteRunner.runSequentially(SuiteRunner.java:329)
	at org.testng.SuiteRunner.privateRun(SuiteRunner.java:291)
	at org.testng.SuiteRunner.run(SuiteRunner.java:240)
	at org.testng.SuiteRunnerWorker.runSuite(SuiteRunnerWorker.java:52)
	at org.testng.SuiteRunnerWorker.run(SuiteRunnerWorker.java:86)
	at org.testng.TestNG.runSuitesSequentially(TestNG.java:1224)
	at org.testng.TestNG.runSuitesLocally(TestNG.java:1149)
	at org.testng.TestNG.run(TestNG.java:1057)
	at org.testng.remote.RemoteTestNG.run(RemoteTestNG.java:111)
	at org.testng.remote.RemoteTestNG.initAndRun(RemoteTestNG.java:204)
	at org.testng.remote.RemoteTestNG.main(RemoteTestNG.java:175)
]]>
            </full-stacktrace>
          </exception> <!-- java.io.FileNotFoundException -->
          <reporter-output>
          </reporter-output>
        </test-method> <!-- getAndVerifyLinksFromHTML -->
        <test-method status="PASS" signature="printResults()[pri:0, instance:validator.FindCertainExtension@2aa3cd93]" name="printResults" is-config="true" duration-ms="0" started-at="2016-06-15T17:43:20Z" finished-at="2016-06-15T17:43:20Z">
          <reporter-output>
          </reporter-output>
        </test-method> <!-- printResults -->
      </class> <!-- validator.FindCertainExtension -->
    </test> <!-- Default test -->
  </suite> <!-- Default suite -->
</testng-results>
